# JRE version: Java(TM) SE Runtime Environment (8.0_202-b08) (build 1.8.0_202-b08)
# Java VM: Java HotSpot(TM) 64-Bit Server VM (25.202-b08 mixed mode linux-amd64 compressed oops)
Heap:
 PSYoungGen      total 331776K, used 274341K [0x000000076d300000, 0x0000000790580000, 0x00000007c0000000)
  eden space 217600K, 73% used [0x000000076d300000,0x0000000776f69470,0x000000077a780000)
  from space 114176K, 100% used [0x000000077a780000,0x0000000781700000,0x0000000781700000)
  to   space 151552K, 0% used [0x0000000787180000,0x0000000787180000,0x0000000790580000)
 ParOldGen       total 315392K, used 238563K [0x00000006c7800000, 0x00000006dac00000, 0x000000076d300000)
  object space 315392K, 75% used [0x00000006c7800000,0x00000006d60f8ca0,0x00000006dac00000)
 Metaspace       used 14031K, capacity 14244K, committed 14464K, reserved 1062912K
  class space    used 1456K, capacity 1548K, committed 1664K, reserved 1048576K
GC Heap History (10 events):
Event: 13.141 GC heap before
{Heap before GC invocations=6 (full 1):
 PSYoungGen      total 139264K, used 10235K [0x000000076d300000, 0x0000000785600000, 0x00000007c0000000)
  eden space 129024K, 0% used [0x000000076d300000,0x000000076d300000,0x0000000775100000)
  from space 10240K, 99% used [0x0000000775100000,0x0000000775afec18,0x0000000775b00000)
  to   space 69120K, 0% used [0x0000000781280000,0x0000000781280000,0x0000000785600000)
 ParOldGen       total 171008K, used 155955K [0x00000006c7800000, 0x00000006d1f00000, 0x000000076d300000)
  object space 171008K, 91% used [0x00000006c7800000,0x00000006d104ccc0,0x00000006d1f00000)
 Metaspace       used 13917K, capacity 14108K, committed 14464K, reserved 1062912K
  class space    used 1455K, capacity 1548K, committed 1664K, reserved 1048576K
Event: 13.722 GC heap after
Heap after GC invocations=6 (full 1):
 PSYoungGen      total 139264K, used 0K [0x000000076d300000, 0x0000000785600000, 0x00000007c0000000)
  eden space 129024K, 0% used [0x000000076d300000,0x000000076d300000,0x0000000775100000)
  from space 10240K, 0% used [0x0000000775100000,0x0000000775100000,0x0000000775b00000)
  to   space 69120K, 0% used [0x0000000781280000,0x0000000781280000,0x0000000785600000)
 ParOldGen       total 315392K, used 150451K [0x00000006c7800000, 0x00000006dac00000, 0x000000076d300000)
  object space 315392K, 47% used [0x00000006c7800000,0x00000006d0aecca0,0x00000006dac00000)
 Metaspace       used 13917K, capacity 14108K, committed 14464K, reserved 1062912K
  class space    used 1455K, capacity 1548K, committed 1664K, reserved 1048576K
}
Event: 17.606 GC heap before
{Heap before GC invocations=7 (full 1):
 PSYoungGen      total 139264K, used 129024K [0x000000076d300000, 0x0000000785600000, 0x00000007c0000000)
  eden space 129024K, 100% used [0x000000076d300000,0x0000000775100000,0x0000000775100000)
  from space 10240K, 0% used [0x0000000775100000,0x0000000775100000,0x0000000775b00000)
  to   space 69120K, 0% used [0x0000000781280000,0x0000000781280000,0x0000000785600000)
 ParOldGen       total 315392K, used 150451K [0x00000006c7800000, 0x00000006dac00000, 0x000000076d300000)
  object space 315392K, 47% used [0x00000006c7800000,0x00000006d0aecca0,0x00000006dac00000)
 Metaspace       used 13937K, capacity 14172K, committed 14464K, reserved 1062912K
  class space    used 1455K, capacity 1548K, committed 1664K, reserved 1048576K
Event: 17.734 GC heap after
Heap after GC invocations=7 (full 1):
 PSYoungGen      total 236032K, used 58432K [0x000000076d300000, 0x0000000784c00000, 0x00000007c0000000)
  eden space 177152K, 0% used [0x000000076d300000,0x000000076d300000,0x0000000778000000)
  from space 58880K, 99% used [0x0000000781280000,0x0000000784b90000,0x0000000784c00000)
  to   space 74240K, 0% used [0x000000077bb00000,0x000000077bb00000,0x0000000780380000)
 ParOldGen       total 315392K, used 150459K [0x00000006c7800000, 0x00000006dac00000, 0x000000076d300000)
  object space 315392K, 47% used [0x00000006c7800000,0x00000006d0aeeca0,0x00000006dac00000)
 Metaspace       used 13937K, capacity 14172K, committed 14464K, reserved 1062912K
  class space    used 1455K, capacity 1548K, committed 1664K, reserved 1048576K
}
Event: 22.948 GC heap before
{Heap before GC invocations=8 (full 1):
 PSYoungGen      total 236032K, used 235584K [0x000000076d300000, 0x0000000784c00000, 0x00000007c0000000)
  eden space 177152K, 100% used [0x000000076d300000,0x0000000778000000,0x0000000778000000)
  from space 58880K, 99% used [0x0000000781280000,0x0000000784b90000,0x0000000784c00000)
  to   space 74240K, 0% used [0x000000077bb00000,0x000000077bb00000,0x0000000780380000)
 ParOldGen       total 315392K, used 150459K [0x00000006c7800000, 0x00000006dac00000, 0x000000076d300000)
  object space 315392K, 47% used [0x00000006c7800000,0x00000006d0aeeca0,0x00000006dac00000)
 Metaspace       used 13958K, capacity 14172K, committed 14464K, reserved 1062912K
  class space    used 1455K, capacity 1548K, committed 1664K, reserved 1048576K
Event: 23.085 GC heap after
Heap after GC invocations=8 (full 1):
 PSYoungGen      total 311808K, used 74240K [0x000000076d300000, 0x0000000786d80000, 0x00000007c0000000)
  eden space 237568K, 0% used [0x000000076d300000,0x000000076d300000,0x000000077bb00000)
  from space 74240K, 100% used [0x000000077bb00000,0x0000000780380000,0x0000000780380000)
  to   space 88576K, 0% used [0x0000000781700000,0x0000000781700000,0x0000000786d80000)
 ParOldGen       total 315392K, used 156643K [0x00000006c7800000, 0x00000006dac00000, 0x000000076d300000)
  object space 315392K, 49% used [0x00000006c7800000,0x00000006d10f8ca0,0x00000006dac00000)
 Metaspace       used 13958K, capacity 14172K, committed 14464K, reserved 1062912K
  class space    used 1455K, capacity 1548K, committed 1664K, reserved 1048576K
}
Event: 30.035 GC heap before
{Heap before GC invocations=9 (full 1):
 PSYoungGen      total 311808K, used 311808K [0x000000076d300000, 0x0000000786d80000, 0x00000007c0000000)
  eden space 237568K, 100% used [0x000000076d300000,0x000000077bb00000,0x000000077bb00000)
  from space 74240K, 100% used [0x000000077bb00000,0x0000000780380000,0x0000000780380000)
  to   space 88576K, 0% used [0x0000000781700000,0x0000000781700000,0x0000000786d80000)
 ParOldGen       total 315392K, used 156643K [0x00000006c7800000, 0x00000006dac00000, 0x000000076d300000)
  object space 315392K, 49% used [0x00000006c7800000,0x00000006d10f8ca0,0x00000006dac00000)
 Metaspace       used 13966K, capacity 14172K, committed 14464K, reserved 1062912K
  class space    used 1455K, capacity 1548K, committed 1664K, reserved 1048576K
Event: 30.226 GC heap after
Heap after GC invocations=9 (full 1):
 PSYoungGen      total 306176K, used 88576K [0x000000076d300000, 0x000000078f180000, 0x00000007c0000000)
  eden space 217600K, 0% used [0x000000076d300000,0x000000076d300000,0x000000077a780000)
  from space 88576K, 100% used [0x0000000781700000,0x0000000786d80000,0x0000000786d80000)
  to   space 114176K, 0% used [0x000000077a780000,0x000000077a780000,0x0000000781700000)
 ParOldGen       total 315392K, used 186987K [0x00000006c7800000, 0x00000006dac00000, 0x000000076d300000)
  object space 315392K, 59% used [0x00000006c7800000,0x00000006d2e9aca0,0x00000006dac00000)
 Metaspace       used 13966K, capacity 14172K, committed 14464K, reserved 1062912K
  class space    used 1455K, capacity 1548K, committed 1664K, reserved 1048576K
}
Event: 36.756 GC heap before
{Heap before GC invocations=10 (full 1):
 PSYoungGen      total 306176K, used 306176K [0x000000076d300000, 0x000000078f180000, 0x00000007c0000000)
  eden space 217600K, 100% used [0x000000076d300000,0x000000077a780000,0x000000077a780000)
  from space 88576K, 100% used [0x0000000781700000,0x0000000786d80000,0x0000000786d80000)
  to   space 114176K, 0% used [0x000000077a780000,0x000000077a780000,0x0000000781700000)
 ParOldGen       total 315392K, used 186987K [0x00000006c7800000, 0x00000006dac00000, 0x000000076d300000)
  object space 315392K, 59% used [0x00000006c7800000,0x00000006d2e9aca0,0x00000006dac00000)
 Metaspace       used 13967K, capacity 14172K, committed 14464K, reserved 1062912K
  class space    used 1455K, capacity 1548K, committed 1664K, reserved 1048576K
Event: 37.075 GC heap after
Heap after GC invocations=10 (full 1):
 PSYoungGen      total 331776K, used 114176K [0x000000076d300000, 0x0000000790580000, 0x00000007c0000000)
  eden space 217600K, 0% used [0x000000076d300000,0x000000076d300000,0x000000077a780000)
  from space 114176K, 100% used [0x000000077a780000,0x0000000781700000,0x0000000781700000)
  to   space 151552K, 0% used [0x0000000787180000,0x0000000787180000,0x0000000790580000)
 ParOldGen       total 315392K, used 238563K [0x00000006c7800000, 0x00000006dac00000, 0x000000076d300000)
  object space 315392K, 75% used [0x00000006c7800000,0x00000006d60f8ca0,0x00000006dac00000)
 Metaspace       used 13967K, capacity 14172K, committed 14464K, reserved 1062912K
  class space    used 1455K, capacity 1548K, committed 1664K, reserved 1048576K
}

