# JRE version: Java(TM) SE Runtime Environment (8.0_202-b08) (build 1.8.0_202-b08)
# Java VM: Java HotSpot(TM) 64-Bit Server VM (25.202-b08 mixed mode linux-amd64 compressed oops)
Heap:
 PSYoungGen      total 268288K, used 151390K [0x000000076d300000, 0x0000000791c00000, 0x00000007c0000000)
  eden space 258048K, 58% used [0x000000076d300000,0x00000007766d78e8,0x000000077cf00000)
  from space 10240K, 0% used [0x000000077cf00000,0x000000077cf00000,0x000000077d900000)
  to   space 126464K, 0% used [0x000000078a080000,0x000000078a080000,0x0000000791c00000)
 ParOldGen       total 424448K, used 124633K [0x00000006c7800000, 0x00000006e1680000, 0x000000076d300000)
  object space 424448K, 29% used [0x00000006c7800000,0x00000006cf1b6788,0x00000006e1680000)
 Metaspace       used 13969K, capacity 14236K, committed 14464K, reserved 1062912K
  class space    used 1455K, capacity 1548K, committed 1664K, reserved 1048576K
GC Heap History (10 events):
Event: 9.345 GC heap before
{Heap before GC invocations=3 (full 0):
 PSYoungGen      total 139264K, used 139259K [0x000000076d300000, 0x0000000776500000, 0x00000007c0000000)
  eden space 129024K, 100% used [0x000000076d300000,0x0000000775100000,0x0000000775100000)
  from space 10240K, 99% used [0x0000000775b00000,0x00000007764fec18,0x0000000776500000)
  to   space 10240K, 0% used [0x0000000775100000,0x0000000775100000,0x0000000775b00000)
 ParOldGen       total 171008K, used 39416K [0x00000006c7800000, 0x00000006d1f00000, 0x000000076d300000)
  object space 171008K, 23% used [0x00000006c7800000,0x00000006c9e7e158,0x00000006d1f00000)
 Metaspace       used 13796K, capacity 14044K, committed 14464K, reserved 1062912K
  class space    used 1455K, capacity 1548K, committed 1664K, reserved 1048576K
Event: 9.428 GC heap after
Heap after GC invocations=3 (full 0):
 PSYoungGen      total 139264K, used 10233K [0x000000076d300000, 0x000000077e300000, 0x00000007c0000000)
  eden space 129024K, 0% used [0x000000076d300000,0x000000076d300000,0x0000000775100000)
  from space 10240K, 99% used [0x0000000775100000,0x0000000775afe7a0,0x0000000775b00000)
  to   space 10240K, 0% used [0x000000077d900000,0x000000077d900000,0x000000077e300000)
 ParOldGen       total 171008K, used 97203K [0x00000006c7800000, 0x00000006d1f00000, 0x000000076d300000)
  object space 171008K, 56% used [0x00000006c7800000,0x00000006cd6ecc80,0x00000006d1f00000)
 Metaspace       used 13796K, capacity 14044K, committed 14464K, reserved 1062912K
  class space    used 1455K, capacity 1548K, committed 1664K, reserved 1048576K
}
Event: 13.194 GC heap before
{Heap before GC invocations=4 (full 0):
 PSYoungGen      total 139264K, used 139257K [0x000000076d300000, 0x000000077e300000, 0x00000007c0000000)
  eden space 129024K, 100% used [0x000000076d300000,0x0000000775100000,0x0000000775100000)
  from space 10240K, 99% used [0x0000000775100000,0x0000000775afe7a0,0x0000000775b00000)
  to   space 10240K, 0% used [0x000000077d900000,0x000000077d900000,0x000000077e300000)
 ParOldGen       total 171008K, used 97203K [0x00000006c7800000, 0x00000006d1f00000, 0x000000076d300000)
  object space 171008K, 56% used [0x00000006c7800000,0x00000006cd6ecc80,0x00000006d1f00000)
 Metaspace       used 13880K, capacity 14108K, committed 14464K, reserved 1062912K
  class space    used 1455K, capacity 1548K, committed 1664K, reserved 1048576K
Event: 13.316 GC heap after
Heap after GC invocations=4 (full 0):
 PSYoungGen      total 268288K, used 10234K [0x000000076d300000, 0x000000077e300000, 0x00000007c0000000)
  eden space 258048K, 0% used [0x000000076d300000,0x000000076d300000,0x000000077cf00000)
  from space 10240K, 99% used [0x000000077d900000,0x000000077e2febf8,0x000000077e300000)
  to   space 10240K, 0% used [0x000000077cf00000,0x000000077cf00000,0x000000077d900000)
 ParOldGen       total 171008K, used 155627K [0x00000006c7800000, 0x00000006d1f00000, 0x000000076d300000)
  object space 171008K, 91% used [0x00000006c7800000,0x00000006d0ffac80,0x00000006d1f00000)
 Metaspace       used 13880K, capacity 14108K, committed 14464K, reserved 1062912K
  class space    used 1455K, capacity 1548K, committed 1664K, reserved 1048576K
}
Event: 13.316 GC heap before
{Heap before GC invocations=5 (full 1):
 PSYoungGen      total 268288K, used 10234K [0x000000076d300000, 0x000000077e300000, 0x00000007c0000000)
  eden space 258048K, 0% used [0x000000076d300000,0x000000076d300000,0x000000077cf00000)
  from space 10240K, 99% used [0x000000077d900000,0x000000077e2febf8,0x000000077e300000)
  to   space 10240K, 0% used [0x000000077cf00000,0x000000077cf00000,0x000000077d900000)
 ParOldGen       total 171008K, used 155627K [0x00000006c7800000, 0x00000006d1f00000, 0x000000076d300000)
  object space 171008K, 91% used [0x00000006c7800000,0x00000006d0ffac80,0x00000006d1f00000)
 Metaspace       used 13880K, capacity 14108K, committed 14464K, reserved 1062912K
  class space    used 1455K, capacity 1548K, committed 1664K, reserved 1048576K
Event: 13.920 GC heap after
Heap after GC invocations=5 (full 1):
 PSYoungGen      total 268288K, used 0K [0x000000076d300000, 0x000000077e300000, 0x00000007c0000000)
  eden space 258048K, 0% used [0x000000076d300000,0x000000076d300000,0x000000077cf00000)
  from space 10240K, 0% used [0x000000077d900000,0x000000077d900000,0x000000077e300000)
  to   space 10240K, 0% used [0x000000077cf00000,0x000000077cf00000,0x000000077d900000)
 ParOldGen       total 340992K, used 156484K [0x00000006c7800000, 0x00000006dc500000, 0x000000076d300000)
  object space 340992K, 45% used [0x00000006c7800000,0x00000006d10d10d0,0x00000006dc500000)
 Metaspace       used 13880K, capacity 14108K, committed 14464K, reserved 1062912K
  class space    used 1455K, capacity 1548K, committed 1664K, reserved 1048576K
}
Event: 21.530 GC heap before
{Heap before GC invocations=6 (full 1):
 PSYoungGen      total 268288K, used 258048K [0x000000076d300000, 0x000000077e300000, 0x00000007c0000000)
  eden space 258048K, 100% used [0x000000076d300000,0x000000077cf00000,0x000000077cf00000)
  from space 10240K, 0% used [0x000000077d900000,0x000000077d900000,0x000000077e300000)
  to   space 10240K, 0% used [0x000000077cf00000,0x000000077cf00000,0x000000077d900000)
 ParOldGen       total 340992K, used 156484K [0x00000006c7800000, 0x00000006dc500000, 0x000000076d300000)
  object space 340992K, 45% used [0x00000006c7800000,0x00000006d10d10d0,0x00000006dc500000)
 Metaspace       used 13926K, capacity 14172K, committed 14464K, reserved 1062912K
  class space    used 1455K, capacity 1548K, committed 1664K, reserved 1048576K
Event: 21.684 GC heap after
Heap after GC invocations=6 (full 1):
 PSYoungGen      total 268288K, used 10240K [0x000000076d300000, 0x0000000791c00000, 0x00000007c0000000)
  eden space 258048K, 0% used [0x000000076d300000,0x000000076d300000,0x000000077cf00000)
  from space 10240K, 100% used [0x000000077cf00000,0x000000077d900000,0x000000077d900000)
  to   space 126464K, 0% used [0x000000078a080000,0x000000078a080000,0x0000000791c00000)
 ParOldGen       total 340992K, used 263340K [0x00000006c7800000, 0x00000006dc500000, 0x000000076d300000)
  object space 340992K, 77% used [0x00000006c7800000,0x00000006d792b0d0,0x00000006dc500000)
 Metaspace       used 13926K, capacity 14172K, committed 14464K, reserved 1062912K
  class space    used 1455K, capacity 1548K, committed 1664K, reserved 1048576K
}
Event: 21.684 GC heap before
{Heap before GC invocations=7 (full 2):
 PSYoungGen      total 268288K, used 10240K [0x000000076d300000, 0x0000000791c00000, 0x00000007c0000000)
  eden space 258048K, 0% used [0x000000076d300000,0x000000076d300000,0x000000077cf00000)
  from space 10240K, 100% used [0x000000077cf00000,0x000000077d900000,0x000000077d900000)
  to   space 126464K, 0% used [0x000000078a080000,0x000000078a080000,0x0000000791c00000)
 ParOldGen       total 340992K, used 263340K [0x00000006c7800000, 0x00000006dc500000, 0x000000076d300000)
  object space 340992K, 77% used [0x00000006c7800000,0x00000006d792b0d0,0x00000006dc500000)
 Metaspace       used 13926K, capacity 14172K, committed 14464K, reserved 1062912K
  class space    used 1455K, capacity 1548K, committed 1664K, reserved 1048576K
Event: 22.291 GC heap after
Heap after GC invocations=7 (full 2):
 PSYoungGen      total 268288K, used 0K [0x000000076d300000, 0x0000000791c00000, 0x00000007c0000000)
  eden space 258048K, 0% used [0x000000076d300000,0x000000076d300000,0x000000077cf00000)
  from space 10240K, 0% used [0x000000077cf00000,0x000000077cf00000,0x000000077d900000)
  to   space 126464K, 0% used [0x000000078a080000,0x000000078a080000,0x0000000791c00000)
 ParOldGen       total 424448K, used 124633K [0x00000006c7800000, 0x00000006e1680000, 0x000000076d300000)
  object space 424448K, 29% used [0x00000006c7800000,0x00000006cf1b6788,0x00000006e1680000)
 Metaspace       used 13926K, capacity 14172K, committed 14464K, reserved 1062912K
  class space    used 1455K, capacity 1548K, committed 1664K, reserved 1048576K
}

